SELECT count(*) from iceberg_v2_no_deletes
---- PLAN
PLAN-ROOT SINK
|
00:UNION
   constant-operands=1
   row-size=8B cardinality=1
---- DISTRIBUTEDPLAN
PLAN-ROOT SINK
|
00:UNION
   constant-operands=1
   row-size=8B cardinality=1
====
SELECT count(*) from iceberg_v2_no_deletes where i > 1
---- PLAN
PLAN-ROOT SINK
|
01:AGGREGATE [FINALIZE]
|  output: count(*)
|  row-size=8B cardinality=1
|
00:SCAN HDFS [functional_parquet.iceberg_v2_no_deletes]
   HDFS partitions=1/1 files=1 size=625B
   predicates: i > 1
   row-size=4B cardinality=1
---- DISTRIBUTEDPLAN
PLAN-ROOT SINK
|
03:AGGREGATE [FINALIZE]
|  output: count:merge(*)
|  row-size=8B cardinality=1
|
02:EXCHANGE [UNPARTITIONED]
|
01:AGGREGATE
|  output: count(*)
|  row-size=8B cardinality=1
|
00:SCAN HDFS [functional_parquet.iceberg_v2_no_deletes]
   HDFS partitions=1/1 files=1 size=625B
   predicates: i > 1
   row-size=4B cardinality=1
====
SELECT count(*) from iceberg_v2_delete_positional;
---- PLAN
PLAN-ROOT SINK
|
03:AGGREGATE [FINALIZE]
|  output: count(*)
|  row-size=8B cardinality=1
|
02:DELETE EVENTS HASH JOIN [LEFT ANTI JOIN]
|  row-size=20B cardinality=4.73K
|
|--01:SCAN HDFS [functional_parquet.iceberg_v2_delete_positional-POSITION-DELETE-01 functional_parquet.iceberg_v2_delete_positional-position-delete]
|     HDFS partitions=1/1 files=1 size=1.54KB
|     row-size=160B cardinality=1
|
00:SCAN HDFS [functional_parquet.iceberg_v2_delete_positional]
   HDFS partitions=1/1 files=1 size=662B
   row-size=20B cardinality=3
---- DISTRIBUTEDPLAN
PLAN-ROOT SINK
|
06:AGGREGATE [FINALIZE]
|  output: count:merge(*)
|  row-size=8B cardinality=1
|
05:EXCHANGE [UNPARTITIONED]
|
03:AGGREGATE
|  output: count(*)
|  row-size=8B cardinality=1
|
02:DELETE EVENTS HASH JOIN [LEFT ANTI JOIN, BROADCAST]
|  row-size=20B cardinality=3
|
|--04:EXCHANGE [BROADCAST]
|  |
|  01:SCAN HDFS [functional_parquet.iceberg_v2_delete_positional-POSITION-DELETE-01 functional_parquet.iceberg_v2_delete_positional-position-delete]
|     HDFS partitions=1/1 files=1 size=1.54KB
|     row-size=160B cardinality=1
|
00:SCAN HDFS [functional_parquet.iceberg_v2_delete_positional]
   HDFS partitions=1/1 files=1 size=662B
   row-size=20B cardinality=3
====
SELECT * from iceberg_v2_delete_positional;
---- PLAN
PLAN-ROOT SINK
|
02:DELETE EVENTS HASH JOIN [LEFT ANTI JOIN]
|  row-size=40B cardinality=3
|
|--01:SCAN HDFS [functional_parquet.iceberg_v2_delete_positional-POSITION-DELETE-01 functional_parquet.iceberg_v2_delete_positional-position-delete]
|     HDFS partitions=1/1 files=1 size=1.54KB
|     row-size=160B cardinality=1
|
00:SCAN HDFS [functional_parquet.iceberg_v2_delete_positional]
   HDFS partitions=1/1 files=1 size=662B
   row-size=40B cardinality=3
---- DISTRIBUTEDPLAN
PLAN-ROOT SINK
|
04:EXCHANGE [UNPARTITIONED]
|
02:DELETE EVENTS HASH JOIN [LEFT ANTI JOIN, BROADCAST]
|  row-size=40B cardinality=3
|
|--03:EXCHANGE [BROADCAST]
|  |
|  01:SCAN HDFS [functional_parquet.iceberg_v2_delete_positional-POSITION-DELETE-01 functional_parquet.iceberg_v2_delete_positional-position-delete]
|     HDFS partitions=1/1 files=1 size=1.54KB
|     row-size=160B cardinality=1
|
00:SCAN HDFS [functional_parquet.iceberg_v2_delete_positional]
   HDFS partitions=1/1 files=1 size=662B
   row-size=40B cardinality=3
====
SELECT * from iceberg_v2_positional_delete_all_rows;
---- PLAN
PLAN-ROOT SINK
|
02:DELETE EVENTS HASH JOIN [LEFT ANTI JOIN]
|  row-size=36B cardinality=3
|
|--01:SCAN HDFS [functional_parquet.iceberg_v2_positional_delete_all_rows-POSITION-DELETE-01 functional_parquet.iceberg_v2_positional_delete_all_rows-position-delete]
|     HDFS partitions=1/1 files=1 size=2.60KB
|     row-size=224B cardinality=3
|
00:SCAN HDFS [functional_parquet.iceberg_v2_positional_delete_all_rows]
   HDFS partitions=1/1 files=1 size=625B
   row-size=36B cardinality=3
---- DISTRIBUTEDPLAN
PLAN-ROOT SINK
|
04:EXCHANGE [UNPARTITIONED]
|
02:DELETE EVENTS HASH JOIN [LEFT ANTI JOIN, BROADCAST]
|  row-size=36B cardinality=3
|
|--03:EXCHANGE [BROADCAST]
|  |
|  01:SCAN HDFS [functional_parquet.iceberg_v2_positional_delete_all_rows-POSITION-DELETE-01 functional_parquet.iceberg_v2_positional_delete_all_rows-position-delete]
|     HDFS partitions=1/1 files=1 size=2.60KB
|     row-size=224B cardinality=3
|
00:SCAN HDFS [functional_parquet.iceberg_v2_positional_delete_all_rows]
   HDFS partitions=1/1 files=1 size=625B
   row-size=36B cardinality=3
====
SELECT * from iceberg_v2_no_deletes limit 1
---- PLAN
PLAN-ROOT SINK
|
00:SCAN HDFS [functional_parquet.iceberg_v2_no_deletes]
   HDFS partitions=1/1 files=1 size=625B
   limit: 1
   row-size=16B cardinality=1
---- DISTRIBUTEDPLAN
PLAN-ROOT SINK
|
01:EXCHANGE [UNPARTITIONED]
|  limit: 1
|
00:SCAN HDFS [functional_parquet.iceberg_v2_no_deletes]
   HDFS partitions=1/1 files=1 size=625B
   limit: 1
   row-size=16B cardinality=1
====
SELECT * from iceberg_v2_positional_delete_all_rows limit 1
---- PLAN
PLAN-ROOT SINK
|
02:DELETE EVENTS HASH JOIN [LEFT ANTI JOIN]
|  limit: 1
|  row-size=36B cardinality=1
|
|--01:SCAN HDFS [functional_parquet.iceberg_v2_positional_delete_all_rows-POSITION-DELETE-01 functional_parquet.iceberg_v2_positional_delete_all_rows-position-delete]
|     HDFS partitions=1/1 files=1 size=2.60KB
|     row-size=224B cardinality=3
|
00:SCAN HDFS [functional_parquet.iceberg_v2_positional_delete_all_rows]
   HDFS partitions=1/1 files=1 size=625B
   row-size=36B cardinality=3
---- DISTRIBUTEDPLAN
PLAN-ROOT SINK
|
04:EXCHANGE [UNPARTITIONED]
|  limit: 1
|
02:DELETE EVENTS HASH JOIN [LEFT ANTI JOIN, BROADCAST]
|  limit: 1
|  row-size=36B cardinality=1
|
|--03:EXCHANGE [BROADCAST]
|  |
|  01:SCAN HDFS [functional_parquet.iceberg_v2_positional_delete_all_rows-POSITION-DELETE-01 functional_parquet.iceberg_v2_positional_delete_all_rows-position-delete]
|     HDFS partitions=1/1 files=1 size=2.60KB
|     row-size=224B cardinality=3
|
00:SCAN HDFS [functional_parquet.iceberg_v2_positional_delete_all_rows]
   HDFS partitions=1/1 files=1 size=625B
   row-size=36B cardinality=3
====
SELECT * from iceberg_v2_positional_not_all_data_files_have_delete_files limit 1
---- PLAN
PLAN-ROOT SINK
|
04:UNION
|  pass-through-operands: all
|  limit: 1
|  row-size=36B cardinality=1
|
|--02:DELETE EVENTS HASH JOIN [LEFT ANTI JOIN]
|  |  row-size=36B cardinality=10
|  |
|  |--01:SCAN HDFS [functional_parquet.iceberg_v2_positional_not_all_data_files_have_delete_files-POSITION-DELETE-01 functional_parquet.iceberg_v2_positional_not_all_data_files_have_delete_files-position-delete]
|  |     HDFS partitions=1/1 files=2 size=5.33KB
|  |     row-size=245B cardinality=4
|  |
|  00:SCAN HDFS [functional_parquet.iceberg_v2_positional_not_all_data_files_have_delete_files]
|     HDFS partitions=1/1 files=2 size=1.22KB
|     row-size=36B cardinality=10
|
03:SCAN HDFS [functional_parquet.iceberg_v2_positional_not_all_data_files_have_delete_files]
   HDFS partitions=1/1 files=2 size=1.22KB
   row-size=36B cardinality=1
---- DISTRIBUTEDPLAN
PLAN-ROOT SINK
|
07:EXCHANGE [UNPARTITIONED]
|  limit: 1
|
04:UNION
|  pass-through-operands: all
|  limit: 1
|  row-size=36B cardinality=1
|
|--02:DELETE EVENTS HASH JOIN [LEFT ANTI JOIN, PARTITIONED]
|  |  row-size=36B cardinality=10
|  |
|  |--06:EXCHANGE [HASH(functional_parquet.iceberg_v2_positional_not_all_data_files_have_delete_files-position-delete.pos,functional_parquet.iceberg_v2_positional_not_all_data_files_have_delete_files-position-delete.file_path)]
|  |  |
|  |  01:SCAN HDFS [functional_parquet.iceberg_v2_positional_not_all_data_files_have_delete_files-POSITION-DELETE-01 functional_parquet.iceberg_v2_positional_not_all_data_files_have_delete_files-position-delete]
|  |     HDFS partitions=1/1 files=2 size=5.33KB
|  |     row-size=245B cardinality=4
|  |
|  05:EXCHANGE [HASH(functional_parquet.iceberg_v2_positional_not_all_data_files_have_delete_files.file__position,functional_parquet.iceberg_v2_positional_not_all_data_files_have_delete_files.input__file__name)]
|  |
|  00:SCAN HDFS [functional_parquet.iceberg_v2_positional_not_all_data_files_have_delete_files]
|     HDFS partitions=1/1 files=2 size=1.22KB
|     row-size=36B cardinality=10
|
03:SCAN HDFS [functional_parquet.iceberg_v2_positional_not_all_data_files_have_delete_files]
   HDFS partitions=1/1 files=2 size=1.22KB
   row-size=36B cardinality=10
====
SELECT * from iceberg_v2_positional_not_all_data_files_have_delete_files
---- PLAN
PLAN-ROOT SINK
|
04:UNION
|  pass-through-operands: all
|  row-size=36B cardinality=20
|
|--02:DELETE EVENTS HASH JOIN [LEFT ANTI JOIN]
|  |  row-size=36B cardinality=10
|  |
|  |--01:SCAN HDFS [functional_parquet.iceberg_v2_positional_not_all_data_files_have_delete_files-POSITION-DELETE-01 functional_parquet.iceberg_v2_positional_not_all_data_files_have_delete_files-position-delete]
|  |     HDFS partitions=1/1 files=2 size=5.33KB
|  |     row-size=245B cardinality=4
|  |
|  00:SCAN HDFS [functional_parquet.iceberg_v2_positional_not_all_data_files_have_delete_files]
|     HDFS partitions=1/1 files=2 size=1.22KB
|     row-size=36B cardinality=10
|
03:SCAN HDFS [functional_parquet.iceberg_v2_positional_not_all_data_files_have_delete_files]
   HDFS partitions=1/1 files=2 size=1.22KB
   row-size=36B cardinality=10
---- DISTRIBUTEDPLAN
PLAN-ROOT SINK
|
07:EXCHANGE [UNPARTITIONED]
|
04:UNION
|  pass-through-operands: all
|  row-size=36B cardinality=20
|
|--02:DELETE EVENTS HASH JOIN [LEFT ANTI JOIN, PARTITIONED]
|  |  row-size=36B cardinality=10
|  |
|  |--06:EXCHANGE [HASH(functional_parquet.iceberg_v2_positional_not_all_data_files_have_delete_files-position-delete.pos,functional_parquet.iceberg_v2_positional_not_all_data_files_have_delete_files-position-delete.file_path)]
|  |  |
|  |  01:SCAN HDFS [functional_parquet.iceberg_v2_positional_not_all_data_files_have_delete_files-POSITION-DELETE-01 functional_parquet.iceberg_v2_positional_not_all_data_files_have_delete_files-position-delete]
|  |     HDFS partitions=1/1 files=2 size=5.33KB
|  |     row-size=245B cardinality=4
|  |
|  05:EXCHANGE [HASH(functional_parquet.iceberg_v2_positional_not_all_data_files_have_delete_files.file__position,functional_parquet.iceberg_v2_positional_not_all_data_files_have_delete_files.input__file__name)]
|  |
|  00:SCAN HDFS [functional_parquet.iceberg_v2_positional_not_all_data_files_have_delete_files]
|     HDFS partitions=1/1 files=2 size=1.22KB
|     row-size=36B cardinality=10
|
03:SCAN HDFS [functional_parquet.iceberg_v2_positional_not_all_data_files_have_delete_files]
   HDFS partitions=1/1 files=2 size=1.22KB
   row-size=36B cardinality=10
====
SELECT * from iceberg_v2_positional_update_all_rows
---- PLAN
PLAN-ROOT SINK
|
04:UNION
|  pass-through-operands: all
|  row-size=36B cardinality=12
|
|--02:DELETE EVENTS HASH JOIN [LEFT ANTI JOIN]
|  |  row-size=36B cardinality=6
|  |
|  |--01:SCAN HDFS [functional_parquet.iceberg_v2_positional_update_all_rows-POSITION-DELETE-01 functional_parquet.iceberg_v2_positional_update_all_rows-position-delete]
|  |     HDFS partitions=1/1 files=1 size=2.60KB
|  |     row-size=224B cardinality=3
|  |
|  00:SCAN HDFS [functional_parquet.iceberg_v2_positional_update_all_rows]
|     HDFS partitions=1/1 files=1 size=625B
|     row-size=36B cardinality=6
|
03:SCAN HDFS [functional_parquet.iceberg_v2_positional_update_all_rows]
   HDFS partitions=1/1 files=1 size=625B
   row-size=36B cardinality=6
---- DISTRIBUTEDPLAN
PLAN-ROOT SINK
|
06:EXCHANGE [UNPARTITIONED]
|
04:UNION
|  pass-through-operands: all
|  row-size=36B cardinality=12
|
|--02:DELETE EVENTS HASH JOIN [LEFT ANTI JOIN, BROADCAST]
|  |  row-size=36B cardinality=6
|  |
|  |--05:EXCHANGE [BROADCAST]
|  |  |
|  |  01:SCAN HDFS [functional_parquet.iceberg_v2_positional_update_all_rows-POSITION-DELETE-01 functional_parquet.iceberg_v2_positional_update_all_rows-position-delete]
|  |     HDFS partitions=1/1 files=1 size=2.60KB
|  |     row-size=224B cardinality=3
|  |
|  00:SCAN HDFS [functional_parquet.iceberg_v2_positional_update_all_rows]
|     HDFS partitions=1/1 files=1 size=625B
|     row-size=36B cardinality=6
|
03:SCAN HDFS [functional_parquet.iceberg_v2_positional_update_all_rows]
   HDFS partitions=1/1 files=1 size=625B
   row-size=36B cardinality=6
====
SELECT * from iceberg_v2_partitioned_position_deletes
---- PLAN
PLAN-ROOT SINK
|
02:DELETE EVENTS HASH JOIN [LEFT ANTI JOIN]
|  row-size=64B cardinality=20
|
|--01:SCAN HDFS [functional_parquet.iceberg_v2_partitioned_position_deletes-POSITION-DELETE-01 functional_parquet.iceberg_v2_partitioned_position_deletes-position-delete]
|     HDFS partitions=1/1 files=3 size=9.47KB
|     row-size=182B cardinality=10
|
00:SCAN HDFS [functional_parquet.iceberg_v2_partitioned_position_deletes]
   HDFS partitions=1/1 files=3 size=3.48KB
   row-size=64B cardinality=20
---- DISTRIBUTEDPLAN
PLAN-ROOT SINK
|
05:EXCHANGE [UNPARTITIONED]
|
02:DELETE EVENTS HASH JOIN [LEFT ANTI JOIN, PARTITIONED]
|  row-size=64B cardinality=20
|
|--04:EXCHANGE [HASH(functional_parquet.iceberg_v2_partitioned_position_deletes-position-delete.pos,functional_parquet.iceberg_v2_partitioned_position_deletes-position-delete.file_path)]
|  |
|  01:SCAN HDFS [functional_parquet.iceberg_v2_partitioned_position_deletes-POSITION-DELETE-01 functional_parquet.iceberg_v2_partitioned_position_deletes-position-delete]
|     HDFS partitions=1/1 files=3 size=9.47KB
|     row-size=182B cardinality=10
|
03:EXCHANGE [HASH(functional_parquet.iceberg_v2_partitioned_position_deletes.file__position,functional_parquet.iceberg_v2_partitioned_position_deletes.input__file__name)]
|
00:SCAN HDFS [functional_parquet.iceberg_v2_partitioned_position_deletes]
   HDFS partitions=1/1 files=3 size=3.48KB
   row-size=64B cardinality=20
====
SELECT * from iceberg_v2_positional_not_all_data_files_have_delete_files
WHERE i > 2
---- PLAN
PLAN-ROOT SINK
|
04:UNION
|  pass-through-operands: all
|  row-size=36B cardinality=2
|
|--02:DELETE EVENTS HASH JOIN [LEFT ANTI JOIN]
|  |  row-size=36B cardinality=1
|  |
|  |--01:SCAN HDFS [functional_parquet.iceberg_v2_positional_not_all_data_files_have_delete_files-POSITION-DELETE-01 functional_parquet.iceberg_v2_positional_not_all_data_files_have_delete_files-position-delete]
|  |     HDFS partitions=1/1 files=2 size=5.33KB
|  |     row-size=245B cardinality=4
|  |
|  00:SCAN HDFS [functional_parquet.iceberg_v2_positional_not_all_data_files_have_delete_files]
|     HDFS partitions=1/1 files=2 size=1.22KB
|     predicates: i > 2
|     row-size=36B cardinality=1
|
03:SCAN HDFS [functional_parquet.iceberg_v2_positional_not_all_data_files_have_delete_files]
   HDFS partitions=1/1 files=2 size=1.22KB
   predicates: i > 2
   row-size=36B cardinality=1
---- DISTRIBUTEDPLAN
PLAN-ROOT SINK
|
07:EXCHANGE [UNPARTITIONED]
|
04:UNION
|  pass-through-operands: all
|  row-size=36B cardinality=2
|
|--02:DELETE EVENTS HASH JOIN [LEFT ANTI JOIN, PARTITIONED]
|  |  row-size=36B cardinality=1
|  |
|  |--06:EXCHANGE [HASH(functional_parquet.iceberg_v2_positional_not_all_data_files_have_delete_files-position-delete.pos,functional_parquet.iceberg_v2_positional_not_all_data_files_have_delete_files-position-delete.file_path)]
|  |  |
|  |  01:SCAN HDFS [functional_parquet.iceberg_v2_positional_not_all_data_files_have_delete_files-POSITION-DELETE-01 functional_parquet.iceberg_v2_positional_not_all_data_files_have_delete_files-position-delete]
|  |     HDFS partitions=1/1 files=2 size=5.33KB
|  |     row-size=245B cardinality=4
|  |
|  05:EXCHANGE [HASH(functional_parquet.iceberg_v2_positional_not_all_data_files_have_delete_files.file__position,functional_parquet.iceberg_v2_positional_not_all_data_files_have_delete_files.input__file__name)]
|  |
|  00:SCAN HDFS [functional_parquet.iceberg_v2_positional_not_all_data_files_have_delete_files]
|     HDFS partitions=1/1 files=2 size=1.22KB
|     predicates: i > 2
|     row-size=36B cardinality=1
|
03:SCAN HDFS [functional_parquet.iceberg_v2_positional_not_all_data_files_have_delete_files]
   HDFS partitions=1/1 files=2 size=1.22KB
   predicates: i > 2
   row-size=36B cardinality=1
====
select * from iceberg_v2_positional_not_all_data_files_have_delete_files for system_version as of 1497619269847778439
minus
select * from iceberg_v2_positional_not_all_data_files_have_delete_files for system_version as of 4363979609026842966;
---- PLAN
PLAN-ROOT SINK
|
07:HASH JOIN [LEFT ANTI JOIN]
|  hash predicates: functional_parquet.iceberg_v2_positional_not_all_data_files_have_delete_files.i IS NOT DISTINCT FROM functional_parquet.iceberg_v2_positional_not_all_data_files_have_delete_files.i, functional_parquet.iceberg_v2_positional_not_all_data_files_have_delete_files.s IS NOT DISTINCT FROM functional_parquet.iceberg_v2_positional_not_all_data_files_have_delete_files.s
|  row-size=16B cardinality=20
|
|--06:SCAN HDFS [functional_parquet.iceberg_v2_positional_not_all_data_files_have_delete_files]
|     HDFS partitions=1/1 files=1 size=625B
|     row-size=16B cardinality=10
|
05:AGGREGATE [FINALIZE]
|  group by: functional_parquet.iceberg_v2_positional_not_all_data_files_have_delete_files.i, functional_parquet.iceberg_v2_positional_not_all_data_files_have_delete_files.s
|  row-size=16B cardinality=20
|
04:UNION
|  pass-through-operands: all
|  row-size=36B cardinality=20
|
|--02:DELETE EVENTS HASH JOIN [LEFT ANTI JOIN]
|  |  row-size=36B cardinality=10
|  |
|  |--01:SCAN HDFS [functional_parquet.iceberg_v2_positional_not_all_data_files_have_delete_files-POSITION-DELETE-01 functional_parquet.iceberg_v2_positional_not_all_data_files_have_delete_files-position-delete]
|  |     HDFS partitions=1/1 files=2 size=5.33KB
|  |     row-size=245B cardinality=4
|  |
|  00:SCAN HDFS [functional_parquet.iceberg_v2_positional_not_all_data_files_have_delete_files]
|     HDFS partitions=1/1 files=2 size=1.22KB
|     row-size=36B cardinality=10
|
03:SCAN HDFS [functional_parquet.iceberg_v2_positional_not_all_data_files_have_delete_files]
   HDFS partitions=1/1 files=2 size=1.22KB
   row-size=36B cardinality=10
---- DISTRIBUTEDPLAN
PLAN-ROOT SINK
|
13:EXCHANGE [UNPARTITIONED]
|
07:HASH JOIN [LEFT ANTI JOIN, PARTITIONED]
|  hash predicates: functional_parquet.iceberg_v2_positional_not_all_data_files_have_delete_files.i IS NOT DISTINCT FROM functional_parquet.iceberg_v2_positional_not_all_data_files_have_delete_files.i, functional_parquet.iceberg_v2_positional_not_all_data_files_have_delete_files.s IS NOT DISTINCT FROM functional_parquet.iceberg_v2_positional_not_all_data_files_have_delete_files.s
|  row-size=16B cardinality=20
|
|--12:EXCHANGE [HASH(functional_parquet.iceberg_v2_positional_not_all_data_files_have_delete_files.i,functional_parquet.iceberg_v2_positional_not_all_data_files_have_delete_files.s)]
|  |
|  06:SCAN HDFS [functional_parquet.iceberg_v2_positional_not_all_data_files_have_delete_files]
|     HDFS partitions=1/1 files=1 size=625B
|     row-size=16B cardinality=10
|
11:AGGREGATE [FINALIZE]
|  group by: functional_parquet.iceberg_v2_positional_not_all_data_files_have_delete_files.i, functional_parquet.iceberg_v2_positional_not_all_data_files_have_delete_files.s
|  row-size=16B cardinality=20
|
10:EXCHANGE [HASH(functional_parquet.iceberg_v2_positional_not_all_data_files_have_delete_files.i,functional_parquet.iceberg_v2_positional_not_all_data_files_have_delete_files.s)]
|
05:AGGREGATE [STREAMING]
|  group by: functional_parquet.iceberg_v2_positional_not_all_data_files_have_delete_files.i, functional_parquet.iceberg_v2_positional_not_all_data_files_have_delete_files.s
|  row-size=16B cardinality=20
|
04:UNION
|  pass-through-operands: all
|  row-size=36B cardinality=20
|
|--02:DELETE EVENTS HASH JOIN [LEFT ANTI JOIN, PARTITIONED]
|  |  row-size=36B cardinality=10
|  |
|  |--09:EXCHANGE [HASH(functional_parquet.iceberg_v2_positional_not_all_data_files_have_delete_files-position-delete.pos,functional_parquet.iceberg_v2_positional_not_all_data_files_have_delete_files-position-delete.file_path)]
|  |  |
|  |  01:SCAN HDFS [functional_parquet.iceberg_v2_positional_not_all_data_files_have_delete_files-POSITION-DELETE-01 functional_parquet.iceberg_v2_positional_not_all_data_files_have_delete_files-position-delete]
|  |     HDFS partitions=1/1 files=2 size=5.33KB
|  |     row-size=245B cardinality=4
|  |
|  08:EXCHANGE [HASH(functional_parquet.iceberg_v2_positional_not_all_data_files_have_delete_files.file__position,functional_parquet.iceberg_v2_positional_not_all_data_files_have_delete_files.input__file__name)]
|  |
|  00:SCAN HDFS [functional_parquet.iceberg_v2_positional_not_all_data_files_have_delete_files]
|     HDFS partitions=1/1 files=2 size=1.22KB
|     row-size=36B cardinality=10
|
03:SCAN HDFS [functional_parquet.iceberg_v2_positional_not_all_data_files_have_delete_files]
   HDFS partitions=1/1 files=2 size=1.22KB
   row-size=36B cardinality=10
====
with v as (select i + 1000 as ii, upper(s) as ss from iceberg_v2_positional_not_all_data_files_have_delete_files)
select * from v where ii > 1003;
---- PLAN
PLAN-ROOT SINK
|
04:UNION
|  pass-through-operands: all
|  row-size=36B cardinality=2
|
|--02:DELETE EVENTS HASH JOIN [LEFT ANTI JOIN]
|  |  row-size=36B cardinality=1
|  |
|  |--01:SCAN HDFS [functional_parquet.iceberg_v2_positional_not_all_data_files_have_delete_files-POSITION-DELETE-01 functional_parquet.iceberg_v2_positional_not_all_data_files_have_delete_files-position-delete]
|  |     HDFS partitions=1/1 files=2 size=5.33KB
|  |     row-size=245B cardinality=4
|  |
|  00:SCAN HDFS [functional_parquet.iceberg_v2_positional_not_all_data_files_have_delete_files]
|     HDFS partitions=1/1 files=2 size=1.22KB
|     predicates: i + 1000 > 1003
|     row-size=36B cardinality=1
|
03:SCAN HDFS [functional_parquet.iceberg_v2_positional_not_all_data_files_have_delete_files]
   HDFS partitions=1/1 files=2 size=1.22KB
   predicates: i + 1000 > 1003
   row-size=36B cardinality=1
---- DISTRIBUTEDPLAN
PLAN-ROOT SINK
|
07:EXCHANGE [UNPARTITIONED]
|
04:UNION
|  pass-through-operands: all
|  row-size=36B cardinality=2
|
|--02:DELETE EVENTS HASH JOIN [LEFT ANTI JOIN, PARTITIONED]
|  |  row-size=36B cardinality=1
|  |
|  |--06:EXCHANGE [HASH(functional_parquet.iceberg_v2_positional_not_all_data_files_have_delete_files-position-delete.pos,functional_parquet.iceberg_v2_positional_not_all_data_files_have_delete_files-position-delete.file_path)]
|  |  |
|  |  01:SCAN HDFS [functional_parquet.iceberg_v2_positional_not_all_data_files_have_delete_files-POSITION-DELETE-01 functional_parquet.iceberg_v2_positional_not_all_data_files_have_delete_files-position-delete]
|  |     HDFS partitions=1/1 files=2 size=5.33KB
|  |     row-size=245B cardinality=4
|  |
|  05:EXCHANGE [HASH(functional_parquet.iceberg_v2_positional_not_all_data_files_have_delete_files.file__position,functional_parquet.iceberg_v2_positional_not_all_data_files_have_delete_files.input__file__name)]
|  |
|  00:SCAN HDFS [functional_parquet.iceberg_v2_positional_not_all_data_files_have_delete_files]
|     HDFS partitions=1/1 files=2 size=1.22KB
|     predicates: i + 1000 > 1003
|     row-size=36B cardinality=1
|
03:SCAN HDFS [functional_parquet.iceberg_v2_positional_not_all_data_files_have_delete_files]
   HDFS partitions=1/1 files=2 size=1.22KB
   predicates: i + 1000 > 1003
   row-size=36B cardinality=1
====
select *
from iceberg_v2_positional_not_all_data_files_have_delete_files
where i = (select max(i) from iceberg_v2_positional_update_all_rows);
---- PLAN
PLAN-ROOT SINK
|
11:HASH JOIN [LEFT SEMI JOIN]
|  hash predicates: i = max(i)
|  runtime filters: RF000 <- max(i)
|  row-size=36B cardinality=20
|
|--10:AGGREGATE [FINALIZE]
|  |  output: max(i)
|  |  row-size=4B cardinality=1
|  |
|  09:UNION
|  |  pass-through-operands: all
|  |  row-size=24B cardinality=12
|  |
|  |--07:DELETE EVENTS HASH JOIN [LEFT ANTI JOIN]
|  |  |  row-size=24B cardinality=6
|  |  |
|  |  |--06:SCAN HDFS [functional_parquet.iceberg_v2_positional_update_all_rows-POSITION-DELETE-06 functional_parquet.iceberg_v2_positional_update_all_rows-position-delete]
|  |  |     HDFS partitions=1/1 files=1 size=2.60KB
|  |  |     row-size=224B cardinality=3
|  |  |
|  |  05:SCAN HDFS [functional_parquet.iceberg_v2_positional_update_all_rows]
|  |     HDFS partitions=1/1 files=1 size=625B
|  |     row-size=24B cardinality=6
|  |
|  08:SCAN HDFS [functional_parquet.iceberg_v2_positional_update_all_rows]
|     HDFS partitions=1/1 files=1 size=625B
|     row-size=24B cardinality=6
|
04:UNION
|  pass-through-operands: all
|  row-size=36B cardinality=20
|
|--02:DELETE EVENTS HASH JOIN [LEFT ANTI JOIN]
|  |  row-size=36B cardinality=10
|  |
|  |--01:SCAN HDFS [functional_parquet.iceberg_v2_positional_not_all_data_files_have_delete_files-POSITION-DELETE-01 functional_parquet.iceberg_v2_positional_not_all_data_files_have_delete_files-position-delete]
|  |     HDFS partitions=1/1 files=2 size=5.33KB
|  |     row-size=245B cardinality=4
|  |
|  00:SCAN HDFS [functional_parquet.iceberg_v2_positional_not_all_data_files_have_delete_files]
|     HDFS partitions=1/1 files=2 size=1.22KB
|     runtime filters: RF000 -> i
|     row-size=36B cardinality=10
|
03:SCAN HDFS [functional_parquet.iceberg_v2_positional_not_all_data_files_have_delete_files]
   HDFS partitions=1/1 files=2 size=1.22KB
   runtime filters: RF000 -> i
   row-size=36B cardinality=10
---- DISTRIBUTEDPLAN
PLAN-ROOT SINK
|
18:EXCHANGE [UNPARTITIONED]
|
11:HASH JOIN [LEFT SEMI JOIN, BROADCAST]
|  hash predicates: i = max(i)
|  runtime filters: RF000 <- max(i)
|  row-size=36B cardinality=20
|
|--17:EXCHANGE [BROADCAST]
|  |
|  16:AGGREGATE [FINALIZE]
|  |  output: max:merge(i)
|  |  row-size=4B cardinality=1
|  |
|  15:EXCHANGE [UNPARTITIONED]
|  |
|  10:AGGREGATE
|  |  output: max(i)
|  |  row-size=4B cardinality=1
|  |
|  09:UNION
|  |  pass-through-operands: all
|  |  row-size=24B cardinality=12
|  |
|  |--07:DELETE EVENTS HASH JOIN [LEFT ANTI JOIN, BROADCAST]
|  |  |  row-size=24B cardinality=6
|  |  |
|  |  |--14:EXCHANGE [BROADCAST]
|  |  |  |
|  |  |  06:SCAN HDFS [functional_parquet.iceberg_v2_positional_update_all_rows-POSITION-DELETE-06 functional_parquet.iceberg_v2_positional_update_all_rows-position-delete]
|  |  |     HDFS partitions=1/1 files=1 size=2.60KB
|  |  |     row-size=224B cardinality=3
|  |  |
|  |  05:SCAN HDFS [functional_parquet.iceberg_v2_positional_update_all_rows]
|  |     HDFS partitions=1/1 files=1 size=625B
|  |     row-size=24B cardinality=6
|  |
|  08:SCAN HDFS [functional_parquet.iceberg_v2_positional_update_all_rows]
|     HDFS partitions=1/1 files=1 size=625B
|     row-size=24B cardinality=6
|
04:UNION
|  pass-through-operands: all
|  row-size=36B cardinality=20
|
|--02:DELETE EVENTS HASH JOIN [LEFT ANTI JOIN, PARTITIONED]
|  |  row-size=36B cardinality=10
|  |
|  |--13:EXCHANGE [HASH(functional_parquet.iceberg_v2_positional_not_all_data_files_have_delete_files-position-delete.pos,functional_parquet.iceberg_v2_positional_not_all_data_files_have_delete_files-position-delete.file_path)]
|  |  |
|  |  01:SCAN HDFS [functional_parquet.iceberg_v2_positional_not_all_data_files_have_delete_files-POSITION-DELETE-01 functional_parquet.iceberg_v2_positional_not_all_data_files_have_delete_files-position-delete]
|  |     HDFS partitions=1/1 files=2 size=5.33KB
|  |     row-size=245B cardinality=4
|  |
|  12:EXCHANGE [HASH(functional_parquet.iceberg_v2_positional_not_all_data_files_have_delete_files.file__position,functional_parquet.iceberg_v2_positional_not_all_data_files_have_delete_files.input__file__name)]
|  |
|  00:SCAN HDFS [functional_parquet.iceberg_v2_positional_not_all_data_files_have_delete_files]
|     HDFS partitions=1/1 files=2 size=1.22KB
|     runtime filters: RF000 -> i
|     row-size=36B cardinality=10
|
03:SCAN HDFS [functional_parquet.iceberg_v2_positional_not_all_data_files_have_delete_files]
   HDFS partitions=1/1 files=2 size=1.22KB
   runtime filters: RF000 -> i
   row-size=36B cardinality=10
====
